# JRE version: Java(TM) SE Runtime Environment (10.0.2+13) (build 10.0.2+13)
# Java VM: Java HotSpot(TM) 64-Bit Server VM (10.0.2+13, mixed mode, tiered, compressed oops, g1 gc, windows-amd64)
Heap:
 garbage-first heap   total 262144K, used 135028K [0x00000006c0e00000, 0x00000007c0000000)
  region size 1024K, 109 young (111616K), 5 survivors (5120K)
 Metaspace       used 30761K, capacity 31453K, committed 31664K, reserved 1077248K
  class space    used 3659K, capacity 3976K, committed 4016K, reserved 1048576K
GC Heap History (6 events):
Event: 0.641 GC heap before
{Heap before GC invocations=0 (full 0):
 garbage-first heap   total 262144K, used 24576K [0x00000006c0e00000, 0x00000007c0000000)
  region size 1024K, 24 young (24576K), 0 survivors (0K)
 Metaspace       used 17337K, capacity 17778K, committed 18048K, reserved 1064960K
  class space    used 2188K, capacity 2389K, committed 2432K, reserved 1048576K
}
Event: 0.645 GC heap after
{Heap after GC invocations=1 (full 0):
 garbage-first heap   total 262144K, used 4887K [0x00000006c0e00000, 0x00000007c0000000)
  region size 1024K, 3 young (3072K), 3 survivors (3072K)
 Metaspace       used 17337K, capacity 17778K, committed 18048K, reserved 1064960K
  class space    used 2188K, capacity 2389K, committed 2432K, reserved 1048576K
}
Event: 0.761 GC heap before
{Heap before GC invocations=1 (full 0):
 garbage-first heap   total 262144K, used 13079K [0x00000006c0e00000, 0x00000007c0000000)
  region size 1024K, 12 young (12288K), 3 survivors (3072K)
 Metaspace       used 20739K, capacity 21173K, committed 21296K, reserved 1067008K
  class space    used 2602K, capacity 2829K, committed 2864K, reserved 1048576K
}
Event: 0.765 GC heap after
{Heap after GC invocations=2 (full 0):
 garbage-first heap   total 262144K, used 6190K [0x00000006c0e00000, 0x00000007c0000000)
  region size 1024K, 5 young (5120K), 5 survivors (5120K)
 Metaspace       used 20739K, capacity 21173K, committed 21296K, reserved 1067008K
  class space    used 2602K, capacity 2829K, committed 2864K, reserved 1048576K
}
Event: 2.898 GC heap before
{Heap before GC invocations=3 (full 0):
 garbage-first heap   total 262144K, used 44078K [0x00000006c0e00000, 0x00000007c0000000)
  region size 1024K, 40 young (40960K), 5 survivors (5120K)
 Metaspace       used 28966K, capacity 29600K, committed 29872K, reserved 1075200K
  class space    used 3608K, capacity 3917K, committed 4016K, reserved 1048576K
}
Event: 2.905 GC heap after
{Heap after GC invocations=4 (full 0):
 garbage-first heap   total 262144K, used 12148K [0x00000006c0e00000, 0x00000007c0000000)
  region size 1024K, 5 young (5120K), 5 survivors (5120K)
 Metaspace       used 28966K, capacity 29600K, committed 29872K, reserved 1075200K
  class space    used 3608K, capacity 3917K, committed 4016K, reserved 1048576K
}

